00:00:00.007881 main     VirtualBox COM Server 6.1.32 r149290 win.amd64 (Jan 17 2022 11:29:30) release log
00:00:00.007884 main     Log opened 2022-02-15T17:48:19.917329100Z
00:00:00.007885 main     Build Type: release
00:00:00.007893 main     OS Product: Windows 10
00:00:00.007894 main     OS Release: 10.0.19043
00:00:00.007895 main     OS Service Pack: 
00:00:00.148113 main     DMI Product Name: Inspiron 3501
00:00:00.168066 main     DMI Product Version: 
00:00:00.168083 main     Firmware type: UEFI
00:00:00.168532 main     Secure Boot: VERR_PRIVILEGE_NOT_HELD
00:00:00.168558 main     Host RAM: 7918MB (7.7GB) total, 988MB available
00:00:00.168563 main     Executable: C:\Program Files\Oracle\VirtualBox\VBoxSVC.exe
00:00:00.168564 main     Process ID: 8708
00:00:00.168565 main     Package type: WINDOWS_64BITS_GENERIC
00:00:00.268389          VirtualBox: object creation starts
00:00:00.270260          Home directory: 'C:\Users\dell\.VirtualBox'
00:00:00.270937          Installed Drivers:
00:00:00.276424            C:\Windows\system32\DRIVERS\VBoxNetLwf.sys (Version: 6.1.32.49290)
00:00:00.277383            C:\Windows\system32\DRIVERS\VBoxUSBMon.sys (Version: 6.1.32.49290)
00:00:00.278208            C:\Windows\system32\DRIVERS\VBoxSup.sys (Version: 6.1.32.49290)
00:00:00.279246            C:\Windows\system32\DRIVERS\VBoxNetAdp6.sys (Version: 6.1.32.49290)
00:00:00.289650          Loading settings file "C:\Users\dell\.VirtualBox\VirtualBox.xml" with version "1.12-windows"
00:00:00.299693          usbLibGetDevices: Starting USB device enumeration
00:00:00.301580          Getting USB descriptor (id 0) failed (dwErr=31) on hub USB#ROOT_HUB30#4&c2333a7&0&0#{f18a0e88-c30c-11d0-8815-00a0c906bed8} port 6
00:00:00.301655          Getting USB descriptor (id 0) failed (dwErr=31) on hub USB#ROOT_HUB30#4&c2333a7&0&0#{f18a0e88-c30c-11d0-8815-00a0c906bed8} port 10
00:00:00.305626          usbLibGetDevices: Found 3 USB devices, 0 captured
00:00:00.307562          USB: Unknown USB device detected (idVendor: 0x0c45, idProduct: 0x671e)
00:00:00.308758          USB: Unknown USB device detected (idVendor: 0x8087, idProduct: 0x0aaa)
00:00:00.495754          HostDnsMonitor: initializing
00:00:00.503705          HostDnsMonitor: updating information
00:00:00.504139          HostDnsMonitor: old information
00:00:00.504141            no server entries
00:00:00.504141            no domain set
00:00:00.504142            no search string entries
00:00:00.504142          HostDnsMonitor: new information
00:00:00.504143            server 1: 200.124.235.194
00:00:00.504143            server 2: 200.124.235.195
00:00:00.504144            server 3: 200.124.235.196
00:00:00.504144            domain: cpe.gye.telmex.ec.intranet
00:00:00.504145            no search string entries
00:00:00.681162          VD: VDInit finished with VINF_SUCCESS
00:00:00.691275          Loading settings file "C:\Users\dell\VirtualBox VMs\centos\centos.vbox" with version "1.16-windows"
00:00:00.721765          OCI: Local config file 'C:\Users\dell\.VirtualBox\oci_config' does not exist
00:00:00.721915          OCI: Original config file 'C:\Users\dell\.oci\config' does not exist
00:00:00.721917          OCI: Reading profiles finished with status ERROR_SUCCESS
00:00:00.722387          ExtPack: Created cloud provider 'OCI' (hrc=ERROR_SUCCESS)
00:00:00.722453          VirtualBox: object created
00:00:04.449015          Launched VM: 70018976 pid: 2760 (0xac8) frontend: GUI/Qt name: centos
00:00:12.207889          Load [C:\Program Files\Oracle\VirtualBox\ExtensionPacks\Oracle_VM_VirtualBox_Extension_Pack\win.amd64\VBoxHostWebcam.DLL] vrc=VINF_SUCCESS
00:00:13.062466          ERROR [COM]: aRC=VBOX_E_IPRT_ERROR (0x80bb0005) aIID={85632c68-b5bb-4316-a900-5eb28d3413df} aComponent={SessionMachine} aText={Saved screenshot data is not available (VERR_NOT_SUPPORTED)}, preserve=false aResultDetail=-37
00:01:24.394007          Saving settings file "C:\Users\dell\VirtualBox VMs\centos\centos.vbox" with version "1.16-windows"
00:01:24.428778          Saving settings file "C:\Users\dell\VirtualBox VMs\centos\centos.vbox" with version "1.16-windows"
00:01:27.901785          Saving settings file "C:\Users\dell\.VirtualBox\VirtualBox.xml" with version "1.12-windows"
00:01:27.907934          Saving settings file "C:\Users\dell\.VirtualBox\VirtualBox.xml" with version "1.12-windows"
00:01:33.457496 main     VirtualBox: object deletion starts
00:01:33.458987 main     ERROR [COM]: aRC=VBOX_E_OBJECT_IN_USE (0x80bb000c) aIID={ad47ad09-787b-44ab-b343-a082a3f2dfb1} aComponent={MediumWrap} aText={Medium 'C:\Users\dell\VirtualBox VMs\centos\centos.vdi' cannot be closed because it is still attached to 1 virtual machines}, preserve=false aResultDetail=0
00:01:33.464482 main     HostDnsMonitor: shutting down ...
00:01:33.464739 main     HostDnsMonitor: shut down
00:01:33.467501 Watcher  ERROR [COM]: aRC=E_ACCESSDENIED (0x80070005) aIID={d0a0163f-e254-4e5b-a1f2-011cf991c38d} aComponent={VirtualBoxWrap} aText={The object is not ready}, preserve=false aResultDetail=0
00:01:33.468593 main     VirtualBox: object deleted
